{"level":"info","message":"GET / - 200"}
{"level":"info","message":"GET /tasks - 200"}
{"level":"info","message":"GET /tasks - 200"}
{"level":"info","message":"GET /tasks - 200"}
{"level":"info","message":"GET /tasks - 200"}
{"level":"info","message":"GET /tasks - 200"}
{"level":"info","message":"GET /task - 200"}
{"level":"info","message":"GET /task - 200"}
{"level":"info","message":"GET /task - 200"}
{"level":"info","message":"GET /task - 200"}
{"level":"info","message":"GET /task - 200"}
{"level":"info","message":"GET /task - 200"}
{"level":"info","message":"GET /task - 200"}
{"level":"info","message":"GET /task - 200"}
{"level":"info","message":"GET /tasks - 200"}
{"level":"info","message":"GET /tasks - 200"}
{"level":"info","message":"GET /tasks - 200"}
{"level":"info","message":"GET /tasks - 200"}
{"level":"info","message":"GET /tasks - 200"}
{"level":"info","message":"POST /tasks - 200"}
{"level":"info","message":"123-task completed at-1724679175955"}
{"level":"info","message":"POST /tasks - 200"}
{"level":"info","message":"123-task completed at-1724679231938"}
